<?xml version="1.0" encoding="UTF-8"?>
<!-- Generated by org.testng.reporters.JUnitXMLReporter -->
<testsuite hostname="DESKTOP-H3C7SM4" ignored="2" name="TestNG" tests="15" failures="0" timestamp="29 Nov 2019 03:48:41 GMT" time="75.312" errors="0">
  <testcase name="@AfterTest tearDown" time="0.157" classname="com.TestCase.HomepageTest">
    <failure type="org.openqa.selenium.NoSuchSessionException" message="Tried to run command without establishing a connection
Build info: version: &amp;apos;3.141.0&amp;apos;, revision: &amp;apos;2ecb7d9a&amp;apos;, time: &amp;apos;2018-10-31T20:09:30&amp;apos;
System info: host: &amp;apos;DESKTOP-H3C7SM4&amp;apos;, ip: &amp;apos;192.168.1.3&amp;apos;, os.name: &amp;apos;Windows 10&amp;apos;, os.arch: &amp;apos;amd64&amp;apos;, os.version: &amp;apos;10.0&amp;apos;, java.version: &amp;apos;1.8.0_221&amp;apos;
Driver info: org.openqa.selenium.firefox.FirefoxDriver
Capabilities {acceptInsecureCerts: true, browserName: firefox, browserVersion: 71.0, javascriptEnabled: true, moz:accessibilityChecks: false, moz:buildID: 20191125204040, moz:geckodriverVersion: 0.24.0, moz:headless: false, moz:processID: 5448, moz:profile: C:\Users\user\AppData\Local..., moz:shutdownTimeout: 60000, moz:useNonSpecCompliantPointerOrigin: false, moz:webdriverClick: true, pageLoadStrategy: normal, platform: WINDOWS, platformName: WINDOWS, platformVersion: 10.0, rotatable: false, setWindowRect: true, strictFileInteractability: false, timeouts: {implicit: 0, pageLoad: 300000, script: 30000}, unhandledPromptBehavior: dismiss and notify}
Session ID: babcecaf-c64e-4ec9-bf8e-5903a8994631">
      <![CDATA[org.openqa.selenium.NoSuchSessionException: Tried to run command without establishing a connection
Build info: version: '3.141.0', revision: '2ecb7d9a', time: '2018-10-31T20:09:30'
System info: host: 'DESKTOP-H3C7SM4', ip: '192.168.1.3', os.name: 'Windows 10', os.arch: 'amd64', os.version: '10.0', java.version: '1.8.0_221'
Driver info: org.openqa.selenium.firefox.FirefoxDriver
Capabilities {acceptInsecureCerts: true, browserName: firefox, browserVersion: 71.0, javascriptEnabled: true, moz:accessibilityChecks: false, moz:buildID: 20191125204040, moz:geckodriverVersion: 0.24.0, moz:headless: false, moz:processID: 5448, moz:profile: C:\Users\user\AppData\Local..., moz:shutdownTimeout: 60000, moz:useNonSpecCompliantPointerOrigin: false, moz:webdriverClick: true, pageLoadStrategy: normal, platform: WINDOWS, platformName: WINDOWS, platformVersion: 10.0, rotatable: false, setWindowRect: true, strictFileInteractability: false, timeouts: {implicit: 0, pageLoad: 300000, script: 30000}, unhandledPromptBehavior: dismiss and notify}
Session ID: babcecaf-c64e-4ec9-bf8e-5903a8994631
at org.openqa.selenium.remote.http.W3CHttpResponseCodec.createException(W3CHttpResponseCodec.java:187)
at org.openqa.selenium.remote.http.W3CHttpResponseCodec.decode(W3CHttpResponseCodec.java:122)
at org.openqa.selenium.remote.http.W3CHttpResponseCodec.decode(W3CHttpResponseCodec.java:49)
at org.openqa.selenium.remote.HttpCommandExecutor.execute(HttpCommandExecutor.java:158)
at org.openqa.selenium.remote.service.DriverCommandExecutor.execute(DriverCommandExecutor.java:83)
at org.openqa.selenium.remote.RemoteWebDriver.execute(RemoteWebDriver.java:552)
at org.openqa.selenium.remote.RemoteWebDriver.execute(RemoteWebDriver.java:609)
at org.openqa.selenium.remote.RemoteWebDriver.close(RemoteWebDriver.java:442)
at com.TestCase.HomepageTest.tearDown(HomepageTest.java:103)
... Removed 28 stack frames]]>
    </failure>
  </testcase> <!-- @AfterTest tearDown -->
  <testcase name="@AfterTest tearDown" time="0.0" classname="com.TestCase.TshirtsPageTest">
    <skipped/>
  </testcase> <!-- @AfterTest tearDown -->
  <testcase name="logotestvalidation" time="0.132" classname="com.TestCase.HomepageTest"/>
  <testcase name="logotestvalidation" time="0.147" classname="com.TestCase.DressesTest"/>
  <testcase name="logotestvalidation" time="0.178" classname="com.TestCase.TshirtsPageTest"/>
  <testcase name="numbertestvalidation" time="0.05" classname="com.TestCase.HomepageTest"/>
  <testcase name="numbertestvalidation" time="0.05" classname="com.TestCase.DressesTest"/>
  <testcase name="numbertestvalidation" time="0.154" classname="com.TestCase.TshirtsPageTest"/>
  <testcase name="womentestvalidation" time="8.75" classname="com.TestCase.TshirtsPageTest"/>
  <testcase name="womentestvalidation" time="8.85" classname="com.TestCase.DressesTest"/>
  <testcase name="womentestvalidation" time="10.349" classname="com.TestCase.HomepageTest"/>
  <testcase name="dresstestvalidation" time="8.035" classname="com.TestCase.TshirtsPageTest"/>
  <testcase name="dresstestvalidation" time="8.035" classname="com.TestCase.HomepageTest"/>
  <testcase name="dresstestvalidation" time="8.035" classname="com.TestCase.DressesTest"/>
  <testcase name="tshirttestvalidation" time="9.827" classname="com.TestCase.DressesTest"/>
  <testcase name="tshirttestvalidation" time="9.827" classname="com.TestCase.TshirtsPageTest"/>
  <testcase name="tshirttestvalidation" time="9.827" classname="com.TestCase.HomepageTest"/>
  <testcase name="@BeforeSuite extentReports" time="0.0" classname="com.Base.BaseTest">
    <ignored/>
  </testcase> <!-- @BeforeSuite extentReports -->
  <testcase name="@BeforeSuite extentReports" time="0.0" classname="com.Base.BaseTest">
    <ignored/>
  </testcase> <!-- @BeforeSuite extentReports -->
</testsuite> <!-- TestNG -->
