<?xml version="1.0" encoding="UTF-8"?>
<testng-results skipped="0" failed="1" ignored="0" total="5" passed="4">
  <reporter-output>
  </reporter-output>
  <suite name="Default suite" duration-ms="41063" started-at="2019-12-07T06:27:30Z" finished-at="2019-12-07T06:28:11Z">
    <groups>
      <group name="regression">
        <method signature="DressesTest.dresstestvalidation()[pri:4, instance:com.TestCase.DressesTest@4667ae56]" name="dresstestvalidation" class="com.TestCase.DressesTest"/>
        <method signature="DressesTest.numbertestvalidation()[pri:2, instance:com.TestCase.DressesTest@4667ae56]" name="numbertestvalidation" class="com.TestCase.DressesTest"/>
      </group> <!-- regression -->
      <group name="retesting">
        <method signature="DressesTest.logotestvalidation()[pri:1, instance:com.TestCase.DressesTest@4667ae56]" name="logotestvalidation" class="com.TestCase.DressesTest"/>
        <method signature="DressesTest.tshirttestvalidation()[pri:5, instance:com.TestCase.DressesTest@4667ae56]" name="tshirttestvalidation" class="com.TestCase.DressesTest"/>
        <method signature="DressesTest.womentestvalidation()[pri:3, instance:com.TestCase.DressesTest@4667ae56]" name="womentestvalidation" class="com.TestCase.DressesTest"/>
      </group> <!-- retesting -->
    </groups>
    <test name="Default test" duration-ms="41063" started-at="2019-12-07T06:27:30Z" finished-at="2019-12-07T06:28:11Z">
      <class name="com.TestCase.DressesTest">
        <test-method status="PASS" signature="extentReports()[pri:0, instance:com.TestCase.DressesTest@4667ae56]" name="extentReports" is-config="true" duration-ms="203" started-at="2019-12-07T06:27:29Z" finished-at="2019-12-07T06:27:30Z">
          <reporter-output>
          </reporter-output>
        </test-method> <!-- extentReports -->
        <test-method status="PASS" signature="setUp()[pri:0, instance:com.TestCase.DressesTest@4667ae56]" name="setUp" is-config="true" duration-ms="14564" started-at="2019-12-07T06:27:30Z" finished-at="2019-12-07T06:27:44Z">
          <reporter-output>
          </reporter-output>
        </test-method> <!-- setUp -->
        <test-method status="PASS" signature="logotestvalidation()[pri:1, instance:com.TestCase.DressesTest@4667ae56]" name="logotestvalidation" duration-ms="70" started-at="2019-12-07T06:27:44Z" finished-at="2019-12-07T06:27:44Z">
          <reporter-output>
          </reporter-output>
        </test-method> <!-- logotestvalidation -->
        <test-method status="PASS" signature="getresult(org.testng.ITestResult)[pri:0, instance:com.TestCase.DressesTest@4667ae56]" name="getresult" is-config="true" duration-ms="5" started-at="2019-12-07T06:27:44Z" finished-at="2019-12-07T06:27:44Z">
          <params>
            <param index="0">
              <value>
                <![CDATA[[TestResult name=logotestvalidation status=SUCCESS method=DressesTest.logotestvalidation()[pri:1, instance:com.TestCase.DressesTest@4667ae56] output={null}]]]>
              </value>
            </param>
          </params>
          <reporter-output>
          </reporter-output>
        </test-method> <!-- getresult -->
        <test-method status="PASS" signature="numbertestvalidation()[pri:2, instance:com.TestCase.DressesTest@4667ae56]" name="numbertestvalidation" duration-ms="30" started-at="2019-12-07T06:27:44Z" finished-at="2019-12-07T06:27:44Z">
          <reporter-output>
          </reporter-output>
        </test-method> <!-- numbertestvalidation -->
        <test-method status="FAIL" signature="womentestvalidation()[pri:3, instance:com.TestCase.DressesTest@4667ae56]" name="womentestvalidation" duration-ms="10" started-at="2019-12-07T06:27:44Z" finished-at="2019-12-07T06:27:44Z">
          <exception class="java.lang.AssertionError">
            <message>
              <![CDATA[expected [Women - My Store] but found [My Store]]]>
            </message>
            <full-stacktrace>
              <![CDATA[java.lang.AssertionError: expected [Women - My Store] but found [My Store]
at org.testng.Assert.fail(Assert.java:96)
at org.testng.Assert.failNotEquals(Assert.java:776)
at org.testng.Assert.assertEqualsImpl(Assert.java:137)
at org.testng.Assert.assertEquals(Assert.java:118)
at org.testng.Assert.assertEquals(Assert.java:453)
at org.testng.Assert.assertEquals(Assert.java:463)
at com.TestCase.DressesTest.womentestvalidation(DressesTest.java:68)
at sun.reflect.NativeMethodAccessorImpl.invoke0(Native Method)
at sun.reflect.NativeMethodAccessorImpl.invoke(NativeMethodAccessorImpl.java:62)
at sun.reflect.DelegatingMethodAccessorImpl.invoke(DelegatingMethodAccessorImpl.java:43)
at java.lang.reflect.Method.invoke(Method.java:498)
at org.testng.internal.MethodInvocationHelper.invokeMethod(MethodInvocationHelper.java:124)
at org.testng.internal.Invoker.invokeMethod(Invoker.java:583)
at org.testng.internal.Invoker.invokeTestMethod(Invoker.java:719)
at org.testng.internal.Invoker.invokeTestMethods(Invoker.java:989)
at org.testng.internal.TestMethodWorker.invokeTestMethods(TestMethodWorker.java:125)
at org.testng.internal.TestMethodWorker.run(TestMethodWorker.java:109)
at org.testng.TestRunner.privateRun(TestRunner.java:648)
at org.testng.TestRunner.run(TestRunner.java:505)
at org.testng.SuiteRunner.runTest(SuiteRunner.java:455)
at org.testng.SuiteRunner.runSequentially(SuiteRunner.java:450)
at org.testng.SuiteRunner.privateRun(SuiteRunner.java:415)
at org.testng.SuiteRunner.run(SuiteRunner.java:364)
at org.testng.SuiteRunnerWorker.runSuite(SuiteRunnerWorker.java:52)
at org.testng.SuiteRunnerWorker.run(SuiteRunnerWorker.java:84)
at org.testng.TestNG.runSuitesSequentially(TestNG.java:1208)
at org.testng.TestNG.runSuitesLocally(TestNG.java:1137)
at org.testng.TestNG.runSuites(TestNG.java:1049)
at org.testng.TestNG.run(TestNG.java:1017)
at org.testng.remote.AbstractRemoteTestNG.run(AbstractRemoteTestNG.java:115)
at org.testng.remote.RemoteTestNG.initAndRun(RemoteTestNG.java:251)
at org.testng.remote.RemoteTestNG.main(RemoteTestNG.java:77)
]]>
            </full-stacktrace>
          </exception> <!-- java.lang.AssertionError -->
          <reporter-output>
          </reporter-output>
        </test-method> <!-- womentestvalidation -->
        <test-method status="PASS" signature="getresult(org.testng.ITestResult)[pri:0, instance:com.TestCase.DressesTest@4667ae56]" name="getresult" is-config="true" duration-ms="0" started-at="2019-12-07T06:27:44Z" finished-at="2019-12-07T06:27:44Z">
          <params>
            <param index="0">
              <value>
                <![CDATA[[TestResult name=numbertestvalidation status=SUCCESS method=DressesTest.numbertestvalidation()[pri:2, instance:com.TestCase.DressesTest@4667ae56] output={null}]]]>
              </value>
            </param>
          </params>
          <reporter-output>
          </reporter-output>
        </test-method> <!-- getresult -->
        <test-method status="PASS" signature="getresult(org.testng.ITestResult)[pri:0, instance:com.TestCase.DressesTest@4667ae56]" name="getresult" is-config="true" duration-ms="20" started-at="2019-12-07T06:27:44Z" finished-at="2019-12-07T06:27:44Z">
          <params>
            <param index="0">
              <value>
                <![CDATA[[TestResult name=womentestvalidation status=FAILURE method=DressesTest.womentestvalidation()[pri:3, instance:com.TestCase.DressesTest@4667ae56] output={null}]]]>
              </value>
            </param>
          </params>
          <reporter-output>
          </reporter-output>
        </test-method> <!-- getresult -->
        <test-method status="PASS" signature="dresstestvalidation()[pri:4, instance:com.TestCase.DressesTest@4667ae56]" name="dresstestvalidation" duration-ms="12715" started-at="2019-12-07T06:27:44Z" finished-at="2019-12-07T06:27:57Z">
          <reporter-output>
          </reporter-output>
        </test-method> <!-- dresstestvalidation -->
        <test-method status="PASS" signature="tshirttestvalidation()[pri:5, instance:com.TestCase.DressesTest@4667ae56]" name="tshirttestvalidation" duration-ms="10359" started-at="2019-12-07T06:27:57Z" finished-at="2019-12-07T06:28:07Z">
          <reporter-output>
          </reporter-output>
        </test-method> <!-- tshirttestvalidation -->
        <test-method status="PASS" signature="getresult(org.testng.ITestResult)[pri:0, instance:com.TestCase.DressesTest@4667ae56]" name="getresult" is-config="true" duration-ms="0" started-at="2019-12-07T06:27:57Z" finished-at="2019-12-07T06:27:57Z">
          <params>
            <param index="0">
              <value>
                <![CDATA[[TestResult name=dresstestvalidation status=SUCCESS method=DressesTest.dresstestvalidation()[pri:4, instance:com.TestCase.DressesTest@4667ae56] output={null}]]]>
              </value>
            </param>
          </params>
          <reporter-output>
          </reporter-output>
        </test-method> <!-- getresult -->
        <test-method status="PASS" signature="getresult(org.testng.ITestResult)[pri:0, instance:com.TestCase.DressesTest@4667ae56]" name="getresult" is-config="true" duration-ms="0" started-at="2019-12-07T06:28:07Z" finished-at="2019-12-07T06:28:07Z">
          <params>
            <param index="0">
              <value>
                <![CDATA[[TestResult name=tshirttestvalidation status=SUCCESS method=DressesTest.tshirttestvalidation()[pri:5, instance:com.TestCase.DressesTest@4667ae56] output={null}]]]>
              </value>
            </param>
          </params>
          <reporter-output>
          </reporter-output>
        </test-method> <!-- getresult -->
        <test-method status="PASS" signature="tearDown()[pri:0, instance:com.TestCase.DressesTest@4667ae56]" name="tearDown" is-config="true" duration-ms="3262" started-at="2019-12-07T06:28:07Z" finished-at="2019-12-07T06:28:11Z">
          <reporter-output>
          </reporter-output>
        </test-method> <!-- tearDown -->
      </class> <!-- com.TestCase.DressesTest -->
    </test> <!-- Default test -->
  </suite> <!-- Default suite -->
</testng-results>
