<?xml version="1.0" encoding="UTF-8"?>
<!-- Generated by org.testng.reporters.JUnitXMLReporter -->
<testsuite hostname="DESKTOP-H3C7SM4" ignored="2" name="Test" tests="15" failures="1" timestamp="05 Dec 2019 10:27:19 GMT" time="75.252" errors="0">
  <testcase name="logotestvalidation" time="0.125" classname="com.TestCase.HomepageTest"/>
  <testcase name="logotestvalidation" time="0.125" classname="com.TestCase.TshirtsPageTest"/>
  <testcase name="logotestvalidation" time="0.125" classname="com.TestCase.DressesTest"/>
  <testcase name="numbertestvalidation" time="0.06" classname="com.TestCase.TshirtsPageTest"/>
  <testcase name="numbertestvalidation" time="0.075" classname="com.TestCase.HomepageTest"/>
  <testcase name="numbertestvalidation" time="0.075" classname="com.TestCase.DressesTest"/>
  <testcase name="womentestvalidation" time="10.765" classname="com.TestCase.DressesTest">
    <failure type="java.lang.AssertionError" message="expected [Women - My Store] but found [My Store]">
      <![CDATA[java.lang.AssertionError: expected [Women - My Store] but found [My Store]
at com.TestCase.DressesTest.womentestvalidation(DressesTest.java:70)
at java.util.concurrent.ThreadPoolExecutor.runWorker(ThreadPoolExecutor.java:1149)
at java.util.concurrent.ThreadPoolExecutor$Worker.run(ThreadPoolExecutor.java:624)
at java.lang.Thread.run(Thread.java:748)
... Removed 16 stack frames]]>
    </failure>
  </testcase> <!-- womentestvalidation -->
  <testcase name="womentestvalidation" time="11.734" classname="com.TestCase.HomepageTest"/>
  <testcase name="womentestvalidation" time="14.692" classname="com.TestCase.TshirtsPageTest"/>
  <testcase name="dresstestvalidation" time="9.14" classname="com.TestCase.TshirtsPageTest"/>
  <testcase name="dresstestvalidation" time="9.14" classname="com.TestCase.HomepageTest"/>
  <testcase name="dresstestvalidation" time="9.14" classname="com.TestCase.DressesTest"/>
  <testcase name="tshirttestvalidation" time="9.359" classname="com.TestCase.TshirtsPageTest"/>
  <testcase name="tshirttestvalidation" time="9.358" classname="com.TestCase.DressesTest"/>
  <testcase name="tshirttestvalidation" time="9.358" classname="com.TestCase.HomepageTest"/>
  <testcase name="@BeforeSuite extentReports" time="0.0" classname="com.Base.BaseTest">
    <ignored/>
  </testcase> <!-- @BeforeSuite extentReports -->
  <testcase name="@BeforeSuite extentReports" time="0.0" classname="com.Base.BaseTest">
    <ignored/>
  </testcase> <!-- @BeforeSuite extentReports -->
</testsuite> <!-- Test -->
